22-Sep-2018 20:14:48.363 WARNING [main] org.apache.tomcat.util.digester.SetPropertiesRule.begin [SetPropertiesRule]{Server/Service/Engine/Host/Context} Setting property 'debug' to '0' did not find a matching property.
22-Sep-2018 20:14:48.387 INFO [main] org.apache.catalina.startup.VersionLoggerListener.log Server version:        Apache Tomcat/8.5.34
22-Sep-2018 20:14:48.387 INFO [main] org.apache.catalina.startup.VersionLoggerListener.log Server built:          Sep 4 2018 22:28:22 UTC
22-Sep-2018 20:14:48.387 INFO [main] org.apache.catalina.startup.VersionLoggerListener.log Server number:         8.5.34.0
22-Sep-2018 20:14:48.387 INFO [main] org.apache.catalina.startup.VersionLoggerListener.log OS Name:               Windows 10
22-Sep-2018 20:14:48.387 INFO [main] org.apache.catalina.startup.VersionLoggerListener.log OS Version:            10.0
22-Sep-2018 20:14:48.387 INFO [main] org.apache.catalina.startup.VersionLoggerListener.log Architecture:          amd64
22-Sep-2018 20:14:48.387 INFO [main] org.apache.catalina.startup.VersionLoggerListener.log Java Home:             C:\Program Files\Java\jdk-10.0.2
22-Sep-2018 20:14:48.387 INFO [main] org.apache.catalina.startup.VersionLoggerListener.log JVM Version:           10.0.2+13
22-Sep-2018 20:14:48.387 INFO [main] org.apache.catalina.startup.VersionLoggerListener.log JVM Vendor:            "Oracle Corporation"
22-Sep-2018 20:14:48.387 INFO [main] org.apache.catalina.startup.VersionLoggerListener.log CATALINA_BASE:         C:\Users\eveli\Documents\Frontend\web\apache-tomcat-8.5.34
22-Sep-2018 20:14:48.387 INFO [main] org.apache.catalina.startup.VersionLoggerListener.log CATALINA_HOME:         C:\Users\eveli\Documents\Frontend\web\apache-tomcat-8.5.34
22-Sep-2018 20:14:48.387 INFO [main] org.apache.catalina.startup.VersionLoggerListener.log Command line argument: --add-opens=java.base/java.lang=ALL-UNNAMED
22-Sep-2018 20:14:48.387 INFO [main] org.apache.catalina.startup.VersionLoggerListener.log Command line argument: --add-opens=java.base/java.io=ALL-UNNAMED
22-Sep-2018 20:14:48.387 INFO [main] org.apache.catalina.startup.VersionLoggerListener.log Command line argument: --add-opens=java.rmi/sun.rmi.transport=ALL-UNNAMED
22-Sep-2018 20:14:48.387 INFO [main] org.apache.catalina.startup.VersionLoggerListener.log Command line argument: -Djava.util.logging.config.file=C:\Users\eveli\Documents\Frontend\web\apache-tomcat-8.5.34\conf\logging.properties
22-Sep-2018 20:14:48.391 INFO [main] org.apache.catalina.startup.VersionLoggerListener.log Command line argument: -Djava.util.logging.manager=org.apache.juli.ClassLoaderLogManager
22-Sep-2018 20:14:48.395 INFO [main] org.apache.catalina.startup.VersionLoggerListener.log Command line argument: -Djdk.tls.ephemeralDHKeySize=2048
22-Sep-2018 20:14:48.395 INFO [main] org.apache.catalina.startup.VersionLoggerListener.log Command line argument: -Djava.protocol.handler.pkgs=org.apache.catalina.webresources
22-Sep-2018 20:14:48.395 INFO [main] org.apache.catalina.startup.VersionLoggerListener.log Command line argument: -Dignore.endorsed.dirs=
22-Sep-2018 20:14:48.395 INFO [main] org.apache.catalina.startup.VersionLoggerListener.log Command line argument: -Dcatalina.base=C:\Users\eveli\Documents\Frontend\web\apache-tomcat-8.5.34
22-Sep-2018 20:14:48.395 INFO [main] org.apache.catalina.startup.VersionLoggerListener.log Command line argument: -Dcatalina.home=C:\Users\eveli\Documents\Frontend\web\apache-tomcat-8.5.34
22-Sep-2018 20:14:48.399 INFO [main] org.apache.catalina.startup.VersionLoggerListener.log Command line argument: -Djava.io.tmpdir=C:\Users\eveli\Documents\Frontend\web\apache-tomcat-8.5.34\temp
22-Sep-2018 20:14:48.399 INFO [main] org.apache.catalina.core.AprLifecycleListener.lifecycleEvent The APR based Apache Tomcat Native library which allows optimal performance in production environments was not found on the java.library.path: [C:\Program Files\Java\jdk-10.0.2\bin;C:\WINDOWS\Sun\Java\bin;C:\WINDOWS\system32;C:\WINDOWS;C:\Windows\system32;C:\Windows;C:\Program Files\Java\jdk-10.0.2\bin;C:\Program Files\Microsoft VS Code\bin;C:\Program Files\nodejs;C:\Program Files\nodejs\;C:\Users\eveli\AppData\Local\Microsoft\WindowsApps;C:\Program Files\Microsoft VS Code\bin;C:\Users\eveli\AppData\Local\Programs\Microsoft VS Code\bin;C:\Users\eveli\AppData\Roaming\npm;C:\Program Files\Java\jdk-10.0.2\bin;;.]
22-Sep-2018 20:14:48.515 INFO [main] org.apache.coyote.AbstractProtocol.init Initializing ProtocolHandler ["http-nio-8080"]
22-Sep-2018 20:14:48.747 INFO [main] org.apache.tomcat.util.net.NioSelectorPool.getSharedSelector Using a shared selector for servlet write/read
22-Sep-2018 20:14:48.759 INFO [main] org.apache.coyote.AbstractProtocol.init Initializing ProtocolHandler ["ajp-nio-8009"]
22-Sep-2018 20:14:48.763 INFO [main] org.apache.tomcat.util.net.NioSelectorPool.getSharedSelector Using a shared selector for servlet write/read
22-Sep-2018 20:14:48.767 INFO [main] org.apache.coyote.AbstractProtocol.init Initializing ProtocolHandler ["http-nio-5555"]
22-Sep-2018 20:14:48.771 INFO [main] org.apache.tomcat.util.net.NioSelectorPool.getSharedSelector Using a shared selector for servlet write/read
22-Sep-2018 20:14:48.771 INFO [main] org.apache.catalina.startup.Catalina.load Initialization processed in 1354 ms
22-Sep-2018 20:14:48.883 INFO [main] org.apache.catalina.core.StandardService.startInternal Starting service [Catalina]
22-Sep-2018 20:14:48.887 INFO [main] org.apache.catalina.core.StandardEngine.startInternal Starting Servlet Engine: Apache Tomcat/8.5.34
22-Sep-2018 20:14:48.907 INFO [localhost-startStop-1] org.apache.catalina.startup.HostConfig.deployDirectory Deploying web application directory [C:\Users\eveli\Documents\Frontend\web\apache-tomcat-8.5.34\webapps\docs]
22-Sep-2018 20:14:49.675 WARNING [localhost-startStop-1] org.apache.catalina.util.SessionIdGeneratorBase.createSecureRandom Creation of SecureRandom instance for session ID generation using [SHA1PRNG] took [116] milliseconds.
22-Sep-2018 20:14:49.723 INFO [localhost-startStop-1] org.apache.catalina.startup.HostConfig.deployDirectory Deployment of web application directory [C:\Users\eveli\Documents\Frontend\web\apache-tomcat-8.5.34\webapps\docs] has finished in [816] ms
22-Sep-2018 20:14:49.723 INFO [localhost-startStop-1] org.apache.catalina.startup.HostConfig.deployDirectory Deploying web application directory [C:\Users\eveli\Documents\Frontend\web\apache-tomcat-8.5.34\webapps\examples]
22-Sep-2018 20:14:50.711 INFO [localhost-startStop-1] org.apache.catalina.startup.HostConfig.deployDirectory Deployment of web application directory [C:\Users\eveli\Documents\Frontend\web\apache-tomcat-8.5.34\webapps\examples] has finished in [988] ms
22-Sep-2018 20:14:50.711 INFO [localhost-startStop-1] org.apache.catalina.startup.HostConfig.deployDirectory Deploying web application directory [C:\Users\eveli\Documents\Frontend\web\apache-tomcat-8.5.34\webapps\host-manager]
22-Sep-2018 20:14:50.779 INFO [localhost-startStop-1] org.apache.catalina.startup.HostConfig.deployDirectory Deployment of web application directory [C:\Users\eveli\Documents\Frontend\web\apache-tomcat-8.5.34\webapps\host-manager] has finished in [68] ms
22-Sep-2018 20:14:50.779 INFO [localhost-startStop-1] org.apache.catalina.startup.HostConfig.deployDirectory Deploying web application directory [C:\Users\eveli\Documents\Frontend\web\apache-tomcat-8.5.34\webapps\manager]
22-Sep-2018 20:14:50.843 INFO [localhost-startStop-1] org.apache.catalina.startup.HostConfig.deployDirectory Deployment of web application directory [C:\Users\eveli\Documents\Frontend\web\apache-tomcat-8.5.34\webapps\manager] has finished in [64] ms
22-Sep-2018 20:14:50.843 INFO [localhost-startStop-1] org.apache.catalina.startup.HostConfig.deployDirectory Deploying web application directory [C:\Users\eveli\Documents\Frontend\web\apache-tomcat-8.5.34\webapps\ROOT]
22-Sep-2018 20:14:50.895 INFO [localhost-startStop-1] org.apache.catalina.startup.HostConfig.deployDirectory Deployment of web application directory [C:\Users\eveli\Documents\Frontend\web\apache-tomcat-8.5.34\webapps\ROOT] has finished in [52] ms
22-Sep-2018 20:14:50.907 INFO [main] org.apache.coyote.AbstractProtocol.start Starting ProtocolHandler ["http-nio-8080"]
22-Sep-2018 20:14:50.927 INFO [main] org.apache.coyote.AbstractProtocol.start Starting ProtocolHandler ["ajp-nio-8009"]
22-Sep-2018 20:14:50.939 INFO [main] org.apache.catalina.core.StandardService.startInternal Starting service [Test]
22-Sep-2018 20:14:50.939 INFO [main] org.apache.catalina.core.StandardEngine.startInternal Starting Servlet Engine: Apache Tomcat/8.5.34
22-Sep-2018 20:14:51.011 WARNING [test-startStop-1] org.apache.tomcat.util.descriptor.web.WebXml.setVersion Unknown version string [4.0]. Default version will be used.
22-Sep-2018 20:14:51.087 INFO [main] org.apache.coyote.AbstractProtocol.start Starting ProtocolHandler ["http-nio-5555"]
22-Sep-2018 20:14:51.095 INFO [main] org.apache.catalina.startup.Catalina.start Server startup in 2321 ms
22-Sep-2018 21:01:11.624 WARNING [main] org.apache.tomcat.util.digester.SetPropertiesRule.begin [SetPropertiesRule]{Server/Service/Engine/Host/Context} Setting property 'debug' to '0' did not find a matching property.
22-Sep-2018 21:01:11.672 INFO [main] org.apache.catalina.startup.VersionLoggerListener.log Server version:        Apache Tomcat/8.5.34
22-Sep-2018 21:01:11.672 INFO [main] org.apache.catalina.startup.VersionLoggerListener.log Server built:          Sep 4 2018 22:28:22 UTC
22-Sep-2018 21:01:11.676 INFO [main] org.apache.catalina.startup.VersionLoggerListener.log Server number:         8.5.34.0
22-Sep-2018 21:01:11.676 INFO [main] org.apache.catalina.startup.VersionLoggerListener.log OS Name:               Windows 10
22-Sep-2018 21:01:11.676 INFO [main] org.apache.catalina.startup.VersionLoggerListener.log OS Version:            10.0
22-Sep-2018 21:01:11.676 INFO [main] org.apache.catalina.startup.VersionLoggerListener.log Architecture:          amd64
22-Sep-2018 21:01:11.676 INFO [main] org.apache.catalina.startup.VersionLoggerListener.log Java Home:             C:\Program Files\Java\jdk-10.0.2
22-Sep-2018 21:01:11.676 INFO [main] org.apache.catalina.startup.VersionLoggerListener.log JVM Version:           10.0.2+13
22-Sep-2018 21:01:11.676 INFO [main] org.apache.catalina.startup.VersionLoggerListener.log JVM Vendor:            "Oracle Corporation"
22-Sep-2018 21:01:11.680 INFO [main] org.apache.catalina.startup.VersionLoggerListener.log CATALINA_BASE:         C:\Users\eveli\Documents\Frontend\web\apache-tomcat-8.5.34
22-Sep-2018 21:01:11.680 INFO [main] org.apache.catalina.startup.VersionLoggerListener.log CATALINA_HOME:         C:\Users\eveli\Documents\Frontend\web\apache-tomcat-8.5.34
22-Sep-2018 21:01:11.680 INFO [main] org.apache.catalina.startup.VersionLoggerListener.log Command line argument: --add-opens=java.base/java.lang=ALL-UNNAMED
22-Sep-2018 21:01:11.680 INFO [main] org.apache.catalina.startup.VersionLoggerListener.log Command line argument: --add-opens=java.base/java.io=ALL-UNNAMED
22-Sep-2018 21:01:11.680 INFO [main] org.apache.catalina.startup.VersionLoggerListener.log Command line argument: --add-opens=java.rmi/sun.rmi.transport=ALL-UNNAMED
22-Sep-2018 21:01:11.684 INFO [main] org.apache.catalina.startup.VersionLoggerListener.log Command line argument: -Djava.util.logging.config.file=C:\Users\eveli\Documents\Frontend\web\apache-tomcat-8.5.34\conf\logging.properties
22-Sep-2018 21:01:11.688 INFO [main] org.apache.catalina.startup.VersionLoggerListener.log Command line argument: -Djava.util.logging.manager=org.apache.juli.ClassLoaderLogManager
22-Sep-2018 21:01:11.688 INFO [main] org.apache.catalina.startup.VersionLoggerListener.log Command line argument: -Djdk.tls.ephemeralDHKeySize=2048
22-Sep-2018 21:01:11.692 INFO [main] org.apache.catalina.startup.VersionLoggerListener.log Command line argument: -Djava.protocol.handler.pkgs=org.apache.catalina.webresources
22-Sep-2018 21:01:11.692 INFO [main] org.apache.catalina.startup.VersionLoggerListener.log Command line argument: -Dignore.endorsed.dirs=
22-Sep-2018 21:01:11.692 INFO [main] org.apache.catalina.startup.VersionLoggerListener.log Command line argument: -Dcatalina.base=C:\Users\eveli\Documents\Frontend\web\apache-tomcat-8.5.34
22-Sep-2018 21:01:11.692 INFO [main] org.apache.catalina.startup.VersionLoggerListener.log Command line argument: -Dcatalina.home=C:\Users\eveli\Documents\Frontend\web\apache-tomcat-8.5.34
22-Sep-2018 21:01:11.692 INFO [main] org.apache.catalina.startup.VersionLoggerListener.log Command line argument: -Djava.io.tmpdir=C:\Users\eveli\Documents\Frontend\web\apache-tomcat-8.5.34\temp
22-Sep-2018 21:01:11.696 INFO [main] org.apache.catalina.core.AprLifecycleListener.lifecycleEvent The APR based Apache Tomcat Native library which allows optimal performance in production environments was not found on the java.library.path: [C:\Program Files\Java\jdk-10.0.2\bin;C:\WINDOWS\Sun\Java\bin;C:\WINDOWS\system32;C:\WINDOWS;C:\Windows\system32;C:\Windows;C:\Program Files\Java\jdk-10.0.2\bin;C:\Program Files\Microsoft VS Code\bin;C:\Program Files\nodejs;C:\Program Files\nodejs\;C:\Users\eveli\AppData\Local\Microsoft\WindowsApps;C:\Program Files\Microsoft VS Code\bin;C:\Users\eveli\AppData\Local\Programs\Microsoft VS Code\bin;C:\Users\eveli\AppData\Roaming\npm;C:\Program Files\Java\jdk-10.0.2\bin;;.]
22-Sep-2018 21:01:11.792 INFO [main] org.apache.coyote.AbstractProtocol.init Initializing ProtocolHandler ["http-nio-8080"]
22-Sep-2018 21:01:12.024 INFO [main] org.apache.tomcat.util.net.NioSelectorPool.getSharedSelector Using a shared selector for servlet write/read
22-Sep-2018 21:01:12.032 INFO [main] org.apache.coyote.AbstractProtocol.init Initializing ProtocolHandler ["ajp-nio-8009"]
22-Sep-2018 21:01:12.040 INFO [main] org.apache.tomcat.util.net.NioSelectorPool.getSharedSelector Using a shared selector for servlet write/read
22-Sep-2018 21:01:12.044 INFO [main] org.apache.coyote.AbstractProtocol.init Initializing ProtocolHandler ["http-nio-5555"]
22-Sep-2018 21:01:12.048 INFO [main] org.apache.tomcat.util.net.NioSelectorPool.getSharedSelector Using a shared selector for servlet write/read
22-Sep-2018 21:01:12.052 INFO [main] org.apache.catalina.startup.Catalina.load Initialization processed in 1637 ms
22-Sep-2018 21:01:12.176 INFO [main] org.apache.catalina.core.StandardService.startInternal Starting service [Catalina]
22-Sep-2018 21:01:12.176 INFO [main] org.apache.catalina.core.StandardEngine.startInternal Starting Servlet Engine: Apache Tomcat/8.5.34
22-Sep-2018 21:01:12.204 INFO [localhost-startStop-1] org.apache.catalina.startup.HostConfig.deployDirectory Deploying web application directory [C:\Users\eveli\Documents\Frontend\web\apache-tomcat-8.5.34\webapps\docs]
22-Sep-2018 21:01:13.131 WARNING [localhost-startStop-1] org.apache.catalina.util.SessionIdGeneratorBase.createSecureRandom Creation of SecureRandom instance for session ID generation using [SHA1PRNG] took [148] milliseconds.
22-Sep-2018 21:01:13.191 INFO [localhost-startStop-1] org.apache.catalina.startup.HostConfig.deployDirectory Deployment of web application directory [C:\Users\eveli\Documents\Frontend\web\apache-tomcat-8.5.34\webapps\docs] has finished in [987] ms
22-Sep-2018 21:01:13.191 INFO [localhost-startStop-1] org.apache.catalina.startup.HostConfig.deployDirectory Deploying web application directory [C:\Users\eveli\Documents\Frontend\web\apache-tomcat-8.5.34\webapps\examples]
22-Sep-2018 21:01:14.015 INFO [localhost-startStop-1] org.apache.catalina.startup.HostConfig.deployDirectory Deployment of web application directory [C:\Users\eveli\Documents\Frontend\web\apache-tomcat-8.5.34\webapps\examples] has finished in [824] ms
22-Sep-2018 21:01:14.019 INFO [localhost-startStop-1] org.apache.catalina.startup.HostConfig.deployDirectory Deploying web application directory [C:\Users\eveli\Documents\Frontend\web\apache-tomcat-8.5.34\webapps\host-manager]
22-Sep-2018 21:01:14.087 INFO [localhost-startStop-1] org.apache.catalina.startup.HostConfig.deployDirectory Deployment of web application directory [C:\Users\eveli\Documents\Frontend\web\apache-tomcat-8.5.34\webapps\host-manager] has finished in [68] ms
22-Sep-2018 21:01:14.087 INFO [localhost-startStop-1] org.apache.catalina.startup.HostConfig.deployDirectory Deploying web application directory [C:\Users\eveli\Documents\Frontend\web\apache-tomcat-8.5.34\webapps\manager]
22-Sep-2018 21:01:14.155 INFO [localhost-startStop-1] org.apache.catalina.startup.HostConfig.deployDirectory Deployment of web application directory [C:\Users\eveli\Documents\Frontend\web\apache-tomcat-8.5.34\webapps\manager] has finished in [64] ms
22-Sep-2018 21:01:14.155 INFO [localhost-startStop-1] org.apache.catalina.startup.HostConfig.deployDirectory Deploying web application directory [C:\Users\eveli\Documents\Frontend\web\apache-tomcat-8.5.34\webapps\ROOT]
22-Sep-2018 21:01:14.207 INFO [localhost-startStop-1] org.apache.catalina.startup.HostConfig.deployDirectory Deployment of web application directory [C:\Users\eveli\Documents\Frontend\web\apache-tomcat-8.5.34\webapps\ROOT] has finished in [52] ms
22-Sep-2018 21:01:14.211 INFO [main] org.apache.coyote.AbstractProtocol.start Starting ProtocolHandler ["http-nio-8080"]
22-Sep-2018 21:01:14.239 INFO [main] org.apache.coyote.AbstractProtocol.start Starting ProtocolHandler ["ajp-nio-8009"]
22-Sep-2018 21:01:14.243 INFO [main] org.apache.catalina.core.StandardService.startInternal Starting service [Test]
22-Sep-2018 21:01:14.243 INFO [main] org.apache.catalina.core.StandardEngine.startInternal Starting Servlet Engine: Apache Tomcat/8.5.34
22-Sep-2018 21:01:14.307 WARNING [test-startStop-1] org.apache.tomcat.util.descriptor.web.WebXml.setVersion Unknown version string [4.0]. Default version will be used.
22-Sep-2018 21:01:14.379 INFO [main] org.apache.coyote.AbstractProtocol.start Starting ProtocolHandler ["http-nio-5555"]
22-Sep-2018 21:01:14.387 INFO [main] org.apache.catalina.startup.Catalina.start Server startup in 2335 ms
